11/08/2018 06:38:25 PM - LoginPage - INFO: Element Found with locator: Login and locatorType: link
11/08/2018 06:38:25 PM - LoginPage - INFO: Clicked on element with locator: Login locatorType: link
11/08/2018 06:38:27 PM - LoginPage - INFO: Element Found with locator: user_email and locatorType: id
11/08/2018 06:38:27 PM - LoginPage - INFO: Sent data on element with locator: user_email locatorType: id
11/08/2018 06:38:27 PM - LoginPage - INFO: Element Found with locator: user_password and locatorType: id
11/08/2018 06:38:27 PM - LoginPage - INFO: Sent data on element with locator: user_password locatorType: id
11/08/2018 06:38:27 PM - LoginPage - INFO: Element Found with locator: commit and locatorType: name
11/08/2018 06:38:29 PM - LoginPage - INFO: Clicked on element with locator: commit locatorType: name
11/08/2018 06:38:29 PM - LoginPage - INFO: Element not found
11/08/2018 06:38:39 PM - LoginPage - INFO: Element not Found with locator: Login and locatorType: link
11/08/2018 06:38:39 PM - LoginPage - INFO: Cannot click on the element with locator: Login locatorType: link
11/08/2018 06:38:39 PM - LoginPage - INFO: Element Found with locator: user_email and locatorType: id
11/08/2018 06:38:40 PM - LoginPage - INFO: Sent data on element with locator: user_email locatorType: id
11/08/2018 06:38:40 PM - LoginPage - INFO: Element Found with locator: user_password and locatorType: id
11/08/2018 06:38:40 PM - LoginPage - INFO: Sent data on element with locator: user_password locatorType: id
11/08/2018 06:38:40 PM - LoginPage - INFO: Element Found with locator: commit and locatorType: name
11/08/2018 06:38:40 PM - LoginPage - INFO: Clicked on element with locator: commit locatorType: name
11/08/2018 06:38:40 PM - LoginPage - INFO: Element not found
11/08/2018 06:41:18 PM - LoginPage - INFO: Element Found with locator: Login and locatorType: link
11/08/2018 06:41:21 PM - LoginPage - INFO: Clicked on element with locator: Login locatorType: link
11/08/2018 06:41:21 PM - LoginPage - INFO: Element Found with locator: user_email and locatorType: id
11/08/2018 06:41:21 PM - LoginPage - INFO: Sent data on element with locator: user_email locatorType: id
11/08/2018 06:41:21 PM - LoginPage - INFO: Element Found with locator: user_password and locatorType: id
11/08/2018 06:41:21 PM - LoginPage - INFO: Sent data on element with locator: user_password locatorType: id
11/08/2018 06:41:21 PM - LoginPage - INFO: Element Found with locator: commit and locatorType: name
11/08/2018 06:41:23 PM - LoginPage - INFO: Clicked on element with locator: commit locatorType: name
11/08/2018 06:41:23 PM - LoginPage - INFO: Element not found
11/08/2018 06:41:33 PM - LoginPage - INFO: Element not Found with locator: Login and locatorType: link
11/08/2018 06:41:33 PM - LoginPage - INFO: Cannot click on the element with locator: Login locatorType: link
11/08/2018 06:41:33 PM - LoginPage - INFO: Element Found with locator: user_email and locatorType: id
11/08/2018 06:41:33 PM - LoginPage - INFO: Sent data on element with locator: user_email locatorType: id
11/08/2018 06:41:33 PM - LoginPage - INFO: Element Found with locator: user_password and locatorType: id
11/08/2018 06:41:33 PM - LoginPage - INFO: Sent data on element with locator: user_password locatorType: id
11/08/2018 06:41:33 PM - LoginPage - INFO: Element Found with locator: commit and locatorType: name
11/08/2018 06:41:33 PM - LoginPage - INFO: Clicked on element with locator: commit locatorType: name
11/08/2018 06:41:33 PM - LoginPage - INFO: Element not found
11/08/2018 06:43:01 PM - LoginPage - INFO: Element Found with locator: Login and locatorType: link
11/08/2018 06:43:04 PM - LoginPage - INFO: Clicked on element with locator: Login locatorType: link
11/08/2018 06:43:04 PM - LoginPage - INFO: Element Found with locator: user_email and locatorType: id
11/08/2018 06:43:04 PM - LoginPage - INFO: Sent data on element with locator: user_email locatorType: id
11/08/2018 06:43:04 PM - LoginPage - INFO: Element Found with locator: user_password and locatorType: id
11/08/2018 06:43:04 PM - LoginPage - INFO: Sent data on element with locator: user_password locatorType: id
11/08/2018 06:43:04 PM - LoginPage - INFO: Element Found with locator: commit and locatorType: name
11/08/2018 06:43:06 PM - LoginPage - INFO: Clicked on element with locator: commit locatorType: name
11/08/2018 06:43:06 PM - LoginPage - INFO: Element not found
11/08/2018 06:43:16 PM - LoginPage - INFO: Element not Found with locator: Login and locatorType: link
11/08/2018 06:43:16 PM - LoginPage - INFO: Cannot click on the element with locator: Login locatorType: link
11/08/2018 06:43:16 PM - LoginPage - INFO: Element Found with locator: user_email and locatorType: id
11/08/2018 06:43:16 PM - LoginPage - INFO: Sent data on element with locator: user_email locatorType: id
11/08/2018 06:43:16 PM - LoginPage - INFO: Element Found with locator: user_password and locatorType: id
11/08/2018 06:43:16 PM - LoginPage - INFO: Sent data on element with locator: user_password locatorType: id
11/08/2018 06:43:16 PM - LoginPage - INFO: Element Found with locator: commit and locatorType: name
11/08/2018 06:43:18 PM - LoginPage - INFO: Clicked on element with locator: commit locatorType: name
11/08/2018 06:43:18 PM - LoginPage - INFO: Element not found
11/08/2018 06:44:45 PM - LoginPage - INFO: Element Found with locator: Login and locatorType: link
11/08/2018 06:44:47 PM - LoginPage - INFO: Clicked on element with locator: Login locatorType: link
11/08/2018 06:44:47 PM - LoginPage - INFO: Element Found with locator: user_email and locatorType: id
11/08/2018 06:44:48 PM - LoginPage - INFO: Sent data on element with locator: user_email locatorType: id
11/08/2018 06:44:48 PM - LoginPage - INFO: Element Found with locator: user_password and locatorType: id
11/08/2018 06:44:48 PM - LoginPage - INFO: Sent data on element with locator: user_password locatorType: id
11/08/2018 06:44:48 PM - LoginPage - INFO: Element Found with locator: commit and locatorType: name
11/08/2018 06:44:49 PM - LoginPage - INFO: Clicked on element with locator: commit locatorType: name
11/08/2018 06:44:49 PM - LoginPage - INFO: Element not found
11/08/2018 06:44:59 PM - LoginPage - INFO: Element not Found with locator: Login and locatorType: link
11/08/2018 06:44:59 PM - LoginPage - INFO: Cannot click on the element with locator: Login locatorType: link
11/08/2018 06:44:59 PM - LoginPage - INFO: Element Found with locator: user_email and locatorType: id
11/08/2018 06:45:00 PM - LoginPage - INFO: Sent data on element with locator: user_email locatorType: id
11/08/2018 06:45:00 PM - LoginPage - INFO: Element Found with locator: user_password and locatorType: id
11/08/2018 06:45:00 PM - LoginPage - INFO: Sent data on element with locator: user_password locatorType: id
11/08/2018 06:45:00 PM - LoginPage - INFO: Element Found with locator: commit and locatorType: name
11/08/2018 06:45:02 PM - LoginPage - INFO: Clicked on element with locator: commit locatorType: name
11/08/2018 06:45:02 PM - LoginPage - INFO: Element not found
