1538524965123	mozrunner::runner	INFO	Running command: "C:\\Program Files (x86)\\Mozilla Firefox\\firefox.exe" "-marionette" "-foreground" "-no-remote" "-profile" "C:\\Users\\DELL\\AppData\\Local\\Temp\\rust_mozprofile.UsVh1Z442IkJ"
Unable to read VR Path Registry from C:\Users\DELL\AppData\Local\openvr\openvrpaths.vrpath
Unable to read VR Path Registry from C:\Users\DELL\AppData\Local\openvr\openvrpaths.vrpath
Unable to read VR Path Registry from C:\Users\DELL\AppData\Local\openvr\openvrpaths.vrpath
Unable to read VR Path Registry from C:\Users\DELL\AppData\Local\openvr\openvrpaths.vrpath
Unable to read VR Path Registry from C:\Users\DELL\AppData\Local\openvr\openvrpaths.vrpath
1538524970897	Marionette	INFO	Listening on port 51731
1538524971285	Marionette	WARN	TLS certificate errors will be ignored for this session
[Parent 2972, Gecko_IOThread] WARNING: pipe error: 109: file z:/build/build/src/ipc/chromium/src/chrome/common/ipc_channel_win.cc, line 346
[Child 9296, Chrome_ChildThread] WARNING: pipe error: 109: file z:/build/build/src/ipc/chromium/src/chrome/common/ipc_channel_win.cc, line 346
[Child 9296, Chrome_ChildThread] WARNING: pipe error: 109: file z:/build/buil[Child 11476, Chrome_ChildThread] WARNING: pipe error: 109: file z:/build/build/src/ipc/chromium/src/chrome/common/ipc_channel_win.cc, line 346
[Child 11476,[Parent 2972, Gecko_IOThread] WARNING: pipe error: 109: file z:/build/build/src/ipc/chromium/src/chrome/common/ipc_channel_win.cc, line 346
[Child 7200, Chrome_ChildThread] WARNING: pipe error: 109: file z:/build/build/src/ipc/chromium/src/chrome/common/ipc_channel_win.cc, line 346
[Child 7200,*** UTM:SVC TimerManager:registerTimer called after profile-before-change notification. Ignoring timer registration for id: telemetry_modules_ping
[GPU 14216, Chrome_Chi
###!!! [Child][MessageChannel::SendAndWait] Error: Channel error: cannot send/recv

1538525066615	mozrunner::runner	INFO	Running command: "C:\\Program Files (x86)\\Mozilla Firefox\\firefox.exe" "-marionette" "-foreground" "-no-remote" "-profile" "C:\\Users\\DELL\\AppData\\Local\\Temp\\rust_mozprofile.0fafcdy9XxT3"
Unable to read VR Path Registry from C:\Users\DELL\AppData\Local\openvr\openvrpaths.vrpath
Unable to read VR Path Registry from C:\Users\DELL\AppData\Local\openvr\openvrpaths.vrpath
Unable to read VR Path Registry from C:\Users\DELL\AppData\Local\openvr\openvrpaths.vrpath
Unable to read VR Path Registry from C:\Users\DELL\AppData\Local\openvr\openvrpaths.vrpath
Unable to read VR Path Registry from C:\Users\DELL\AppData\Local\openvr\openvrpaths.vrpath
1538525073461	Marionette	INFO	Listening on port 51787
1538525073528	Marionette	WARN	TLS certificate errors will be ignored for this session
[Parent 5456, Gecko_IOThread] WARNING: pipe error: 109: file z:/build/build/src/ipc/chromium/src/chrome/common/ipc_channel_win.cc, line 346
[Child 7808, Chrome_ChildThread] WARNING: pipe error: 109: file z:/build/build/src/ipc/chromium/src/chrome/common/ipc_channel_win.cc, line 346
[Child 7808, Chrome_ChildThread] WARNING: pipe error: 109: file z:/build[Child 11736, Chrome_ChildThread] WARNING: pipe error: 109: file z:/build/build/src/ipc/chromium/src/chrome/common/ipc_channel_win.cc, line 346
[Child 11736, Ch[Parent 5456, Gecko_IOThread] WARNING: pipe error: 109: file z:/build/build/src/ipc/chromium/src/chrome/common/ipc_channel_win.cc, line 346
[Child 14092, Chrome_ChildThread] WARNING: pipe error: 109: file z:/build/build/src/ipc/chromium/src/chrome/common/ipc_channel_win.cc, line 346
[Child 14092*** UTM:SVC TimerManager:registerTimer called after profile-before-change notification. Ignoring timer registration for id: telemetry_modules_ping
[GPU 4008,
###!!! [Child][MessageChannel::SendAndWait] Error: Channel error: cannot send/recv

1538525873773	mozrunner::runner	INFO	Running command: "C:\\Program Files (x86)\\Mozilla Firefox\\firefox.exe" "-marionette" "-foreground" "-no-remote" "-profile" "C:\\Users\\DELL\\AppData\\Local\\Temp\\rust_mozprofile.NrygRv019Mu3"
Unable to read VR Path Registry from C:\Users\DELL\AppData\Local\openvr\openvrpaths.vrpath
Unable to read VR Path Registry from C:\Users\DELL\AppData\Local\openvr\openvrpaths.vrpath
Unable to read VR Path Registry from C:\Users\DELL\AppData\Local\openvr\openvrpaths.vrpath
Unable to read VR Path Registry from C:\Users\DELL\AppData\Local\openvr\openvrpaths.vrpath
Unable to read VR Path Registry from C:\Users\DELL\AppData\Local\openvr\openvrpaths.vrpath
1538525877469	Marionette	INFO	Listening on port 52897
1538525877619	Marionette	WARN	TLS certificate errors will be ignored for this session
[Parent 988, Gecko_IOThread] WARNING: pipe error: 109: file z:/build/build/src/ipc/chromium/src/chrome/common/ipc_channel_win.cc, line 346
[Child 10472, Chrome_ChildThread] WARNING: pipe error: 109: file z:/build/build/src/ipc/chromium/src/chrome/common/ipc_channel_win.cc, line 346
[Child 5548, Chrome_ChildThread] WARNING: pipe error: 109: file z:/build/build/src/ipc/chromium/src/chrome/common/ipc_channel_win.cc, line 346
[Child 5548, Chrome_ChildThread] WARNING: pipe error: 109: file z:/build/build/src/ipc/chromium/src/chrome/common/ipc_channel_win.cc, line 346
[Parent 988, Gecko_IOThread] WARNING: pipe error: 109: file z:/build/build/src/ipc/chromium/src/chrome/common/ipc_channel_win.cc, line 346
[Child 7772, Chrome_ChildThread] WARNING: pipe error: 109: file z:/build/build/src/ipc/chromium/src/chrome/common/ipc_channel_win.cc, line 346
[Child 7772, Chrome_ChildThread] WARNING: pipe error: 109: file*** UTM:SVC TimerManager:registerTimer called after profile-before-change notification. Ignoring timer registration for id: telemetry_modules_ping
[GPU 3972, 
###!!! [Child][MessageChannel::SendAndWait] Error: Channel error: cannot send/recv

1538525904643	mozrunner::runner	INFO	Running command: "C:\\Program Files (x86)\\Mozilla Firefox\\firefox.exe" "-marionette" "-foreground" "-no-remote" "-profile" "C:\\Users\\DELL\\AppData\\Local\\Temp\\rust_mozprofile.BXzSCVwHo8w8"
Unable to read VR Path Registry from C:\Users\DELL\AppData\Local\openvr\openvrpaths.vrpath
Unable to read VR Path Registry from C:\Users\DELL\AppData\Local\openvr\openvrpaths.vrpath
Unable to read VR Path Registry from C:\Users\DELL\AppData\Local\openvr\openvrpaths.vrpath
Unable to read VR Path Registry from C:\Users\DELL\AppData\Local\openvr\openvrpaths.vrpath
Unable to read VR Path Registry from C:\Users\DELL\AppData\Local\openvr\openvrpaths.vrpath
1538525908324	Marionette	INFO	Listening on port 52979
1538525908576	Marionette	WARN	TLS certificate errors will be ignored for this session
[Parent 12504, Gecko_IOThread] WARNING: pipe error: 109: file z:/build/build/src/ipc/chromium/src/chrome/common/ipc_channel_win.cc, line 346
[Parent 12504, Gecko_IOThread] WARNING: pipe error: 109: file z:/build/build/src/ipc/chromium/src/chrome/common/ipc_channel_win.cc, line 346
[Child 5356, Chrome_ChildThread] WARNING: pipe error: 109: file z:/build/build/src/ipc/chromium/src/chrome/common/ipc_channel_win.cc, line 346
[Child 8352, Chrome_ChildThread] WARNING: pipe error: 109: file z:/build/build/src/ipc/chromium/src/chrome/common/ipc_channel_win.cc, line 346
[Child 8352, Chrome_ChildThread] WARNING: pipe error: 109: file z:/build/build/src/ipc/chromium/src/chrome/common/ipc_channel_win.cc, line 346
[Parent 12504, Gecko_IOThread] WARNING: pipe error: 109: file z:/build/build/src/ipc/chromium/src/chrome/common/ipc_channel_win.cc, line 346
[Child 12028, Chrome_ChildThread] WARNING: pipe error: 109: file z:/build/build/src/ipc/chromium/src/chrome/common/ipc_channel_win.cc, line 346
[Child 12028, Chrome_ChildThread] WARNING: pipe error: 109: file z:/build/build/src/ipc/chromium/src/chrome/common/ipc_channel_win.cc, line 346

###!!! [Child][MessageChannel::SendAndWait] Error: Channel error: cannot send/recv

pc_channel_win.cc, line 346
[Child 5896, Chrome_ChildThread] WARNING: pipe error: 109: file z:/build/build/src/ipc/chromium/src/chrome/common/ipc_channel_win.cc, line 346
[Child 5896, Chrome_ChildThread] WAR[Parent 2960, Gecko_IOThread] WARNING: pipe error: 109: file z:/build/build/src/ipc/chromium/src/chrome/common/ipc_channel_win.cc, line 346
[Child 7240, Chrome_ChildThread] WARNING: pipe error: 109: file z:/build/build/src/ipc/chromium/src/chrome/common/ipc_channel_win.cc, line 346
[Child 7240,*** UTM:SVC TimerManager:registerTimer called after profile-before-change notification. Ignoring timer registration for id: telemetry_modules_ping
[GPU 14112, Chrome_Ch
###!!! [Child][MessageChannel::SendAndWait] Error: Channel error: cannot send/recv

1538526275348	mozrunner::runner	INFO	Running command: "C:\\Program Files (x86)\\Mozilla Firefox\\firefox.exe" "-marionette" "-foreground" "-no-remote" "-profile" "C:\\Users\\DELL\\AppData\\Local\\Temp\\rust_mozprofile.EjiEv9GBsCqa"
Unable to read VR Path Registry from C:\Users\DELL\AppData\Local\openvr\openvrpaths.vrpath
Unable to read VR Path Registry from C:\Users\DELL\AppData\Local\openvr\openvrpaths.vrpath
Unable to read VR Path Registry from C:\Users\DELL\AppData\Local\openvr\openvrpaths.vrpath
Unable to read VR Path Registry from C:\Users\DELL\AppData\Local\openvr\openvrpaths.vrpath
Unable to read VR Path Registry from C:\Users\DELL\AppData\Local\openvr\openvrpaths.vrpath
1538526279029	Marionette	INFO	Listening on port 53657
1538526279214	Marionette	WARN	TLS certificate errors will be ignored for this session
[Parent 7496, Gecko_IOThread] WARNING: pipe error: 109: file z:/build/build/src/ipc/chromium/src/chrome/common/ipc_channel_win.cc, line 346
[Child 12140, Chrome_ChildThread] WARNING: pipe error: 109: file z:/build/build/src/ipc/chromium/src/chrome/common/ipc_channel_win.cc, line 346
[Child 14164, Chrome_ChildThread] WARNING: pipe error: 109: file z:/build/build/src/ipc/chromium/src/chrome/common/ipc_channel_win.cc, line 346
[Child 14164, Chrome_ChildThread] WARNING: pipe error[Parent 7496, Gecko_IOThread] WARNING: pipe error: 109: file z:/build/build/src/ipc/chromium/src/chrome/common/ipc_channel_win.cc, line 346
[Child 5824, Chrome_ChildThread] WARNING: pipe error: 109: file z:/build/build/src/ipc/chromium/src/chrome/common/ipc_channel_win.cc, line 346
[Child 5824, Chium/src/chrome/common/ipc_channel_win.cc, line 346
[Child 3084, Chrome_ChildThread] WARNING: pipe error: 109: file z:/build/build/src/1538526743101	Marionette	INFO	Listening on port 54354
1538526743129	Marionette	WARN	TLS certificate errors will be ignored for this session
Unable to read VR Path Registry from C:\Users\DELL\AppData\Local\openvr\openvrpaths.vrpath
[Parent 3120, Gecko_IOThread] WARNING: pipe error: 109: file z:/build/build/src/ipc/chromium/src/chrome/common/ipc_channel_win.cc, line 346
[Parent 3120, Gecko_IOThread] WARNING: pipe error: 109: file z:/build/build/src/ipc/chromium/src/chrome/common/ipc_channel_win.cc, line 346
[Child 7108, Chrome_ChildThread] WARNING: pipe error: 109: file z:/build/build/src/ipc/chromium/src/chrome/common/ipc_channel_win.cc, line 346
[Child 7108, Chrome_ChildThread] WARNING: pipe error: 109: file z:/build/build/src/ipc/chromium/src/chrome/common/ipc_channel_win.cc, line 346
[Parent 3120, Gecko_IOThread] WARNING: pipe error: 109: file z:/build/build/src/ipc/chromium/src/chrome/common/ipc_channel_win.cc, line 346
[Child 12996, Chrome_ChildThread] WARNING: pipe error: 109: file z:/build/build/src/ipc/chromium/src/chrome/common/ipc_channel_win.cc, line 346
[Child 129
###!!! [Child][MessageChannel::SendAndWait] Error: Channel error: cannot send/recv

1538771033252	mozrunner::runner	INFO	Running command: "C:\\Program Files (x86)\\Mozilla Firefox\\firefox.exe" "-marionette" "-foreground" "-no-remote" "-profile" "C:\\Users\\DELL\\AppData\\Local\\Temp\\rust_mozprofile.du6tELaexMVq"
Unable to read VR Path Registry from C:\Users\DELL\AppData\Local\openvr\openvrpaths.vrpath
Unable to read VR Path Registry from C:\Users\DELL\AppData\Local\openvr\openvrpaths.vrpath
Unable to read VR Path Registry from C:\Users\DELL\AppData\Local\openvr\openvrpaths.vrpath
Unable to read VR Path Registry from C:\Users\DELL\AppData\Local\openvr\openvrpaths.vrpath
Unable to read VR Path Registry from C:\Users\DELL\AppData\Local\openvr\openvrpaths.vrpath
1538771040317	Marionette	INFO	Listening on port 62038
1538771040459	Marionette	WARN	TLS certificate errors will be ignored for this session
[Parent 5780, Gecko_IOThread] WARNING: pipe error: 109: file z:/build/build/src/ipc/chromium/src/chrome/common/ipc_channel_win.cc, line 346
[Child 6188, Chrome_ChildThread] WARNING: pipe error: 109: file z:/build/build/src/ipc/chromium/src/chrome/common/ipc_channel_win.cc, line 346
[Child 6188, Chrome_ChildThread] WARNING: pipe error: 109: file z:/build/build/src/ipc/chromium/sr[Child 12160, Chrome_ChildThread] WARNING: pipe error: 109: file z:/build/build/src/ipc/chromium/src/chrome/common/ipc_channel_win.cc, line 346
[Child 1216*** UTM:SVC TimerManager:registerTimer called after profile-before-change notification. Ignoring timer registration for id: telemetry_modules_ping
[
###!!! [Child][MessageChannel::SendAndWait] Error: Channel error: cannot send/recv

1538771191838	mozrunner::runner	INFO	Running command: "C:\\Program Files (x86)\\Mozilla Firefox\\firefox.exe" "-marionette" "-foreground" "-no-remote" "-profile" "C:\\Users\\DELL\\AppData\\Local\\Temp\\rust_mozprofile.9ngQ4zghG1kt"
Unable to read VR Path Registry from C:\Users\DELL\AppData\Local\openvr\openvrpaths.vrpath
Unable to read VR Path Registry from C:\Users\DELL\AppData\Local\openvr\openvrpaths.vrpath
Unable to read VR Path Registry from C:\Users\DELL\AppData\Local\openvr\openvrpaths.vrpath
Unable to read VR Path Registry from C:\Users\DELL\AppData\Local\openvr\openvrpaths.vrpath
Unable to read VR Path Registry from C:\Users\DELL\AppData\Local\openvr\openvrpaths.vrpath
1538771197633	Marionette	INFO	Listening on port 62398
1538771197913	Marionette	WARN	TLS certificate errors will be ignored for this session
[Parent 9824, Gecko_IOThread] WARNING: pipe error: 109: file z:/build/build/src/ipc/chromium/src/chrome/common/ipc_channel_win.cc, line 346
[Parent 9824, Gecko_IOThread] WARNING: pipe error: 109: file z:/build/build/src/ipc/chromium/src/chrome/common/ipc_channel_win.cc, line 346
[Child 9192, Chrome_ChildThread] WARNING: pipe error: 109: file z:/build/build/src/ipc/chromium/src/chrome/common/ipc_channel_win.cc, line 346
[Child 9192, Chrome_ChildThread] WARNING: pipe error: 109: file z:/build/build/src/ipc/chromium/src/chrome/common/ipc_channel_win.cc, line 346
[Parent 9824, Gecko_IOThread] WARNING: pipe error: 109: file z:/build/build/src/ipc/chromium/src/chrome/common/ipc_channel_win.cc, line 346
[Child 1496, Chrome_ChildThread] WARNING: pipe error: 109: file z:/build/build/src/ipc/chromium/src/chrome/common/ipc_channel_win.cc, line 346
[Child 1496, Chrome_ChildThread] WARNING: pipe error: 109: file z:/build/build/src/ipc/chromium/src/chrome/common/ipc_channel_win.cc, line 346
*** UTM:SVC TimerManager:registerTimer called after profile-before-change notification. Ignoring timer registration for id: telemetry_modules_ping
[GPU 1348, Ch
###!!! [Child][MessageChannel::SendAndWait] Error: Channel error: cannot send/recv

1538771225777	mozrunner::runner	INFO	Running command: "C:\\Program Files (x86)\\Mozilla Firefox\\firefox.exe" "-marionette" "-foreground" "-no-remote" "-profile" "C:\\Users\\DELL\\AppData\\Local\\Temp\\rust_mozprofile.GUeSPWbF7t59"
Unable to read VR Path Registry from C:\Users\DELL\AppData\Local\openvr\openvrpaths.vrpath
Unable to read VR Path Registry from C:\Users\DELL\AppData\Local\openvr\openvrpaths.vrpath
Unable to read VR Path Registry from C:\Users\DELL\AppData\Local\openvr\openvrpaths.vrpath
Unable to read VR Path Registry from C:\Users\DELL\AppData\Local\openvr\openvrpaths.vrpath
Unable to read VR Path Registry from C:\Users\DELL\AppData\Local\openvr\openvrpaths.vrpath
1538771229641	Marionette	INFO	Listening on port 62519
1538771230126	Marionette	WARN	TLS certificate errors will be ignored for this session
JavaScript warning: https://ajax.googleapis.com/ajax/libs/jquery/1.9.1/jquery.min.js, line 1: Using //@ to indicate sourceMappingURL pragmas is deprecated. Use //# instead
[Child 11448, Chrome_ChildThread] WARNING: pipe error: 109: file z:/build/build/src/ipc/chromium/src/chrome/common/ipc_channel_win.cc, line 346
[Child 11448, Chrome_ChildThread] WARNING: pipe error: 109: file z:/build/build/src/ipc/chromium/src/chrome/common/ipc_channel_win.cc, line 346
[Child 9928, Chrome_ChildThread] WARNING: pipe error: 109: file z:/build/build/src/ipc/chromium/src/chrome/common/ipc_channel_win.cc, line 346
[Child[Parent 10144, Gecko_IOThread] WARNING: pipe error: 109: file z:/build/build/src/ipc/chromium/src/chrome/common/ipc_channel_win.cc, line 346
[Child 8264, Chrome_ChildThread] WARNING: pipe error: 109: file z:/build/build/src/ipc/chromium/src/chrome/common/ipc_channel_win.cc, line 346
[Child 8264, Chrome_ChildThread] WARNING: pipe error: 109: file z*** UTM:SVC TimerManager:registerTimer called after profile-before-change notification. Ignoring timer registration for id: telemetry_modules_ping
[GPU 8784, Ch
###!!! [Child][MessageChannel::SendAndWait] Error: Channel error: cannot send/recv

Invalid port. Exiting...
1538771823074	mozrunner::runner	INFO	Running command: "C:\\Program Files (x86)\\Mozilla Firefox\\firefox.exe" "-marionette" "-foreground" "-no-remote" "-profile" "C:\\Users\\DELL\\AppData\\Local\\Temp\\rust_mozprofile.DVpfUb37Yq4u"
Unable to read VR Path Registry from C:\Users\DELL\AppData\Local\openvr\openvrpaths.vrpath
Unable to read VR Path Registry from C:\Users\DELL\AppData\Local\openvr\openvrpaths.vrpath
Unable to read VR Path Registry from C:\Users\DELL\AppData\Local\openvr\openvrpaths.vrpath
Unable to read VR Path Registry from C:\Users\DELL\AppData\Local\openvr\openvrpaths.vrpath
Unable to read VR Path Registry from C:\Users\DELL\AppData\Local\openvr\openvrpaths.vrpath
1538771828363	Marionette	INFO	Listening on port 63493
1538771828570	Marionette	WARN	TLS certificate errors will be ignored for this session
JavaScript warning: https://ajax.googleapis.com/ajax/libs/jquery/1.9.1/jquery.min.js, line 1: Using //@ to indicate sourceMappingURL pragmas is deprecated. Use //# instead
[Child 4364, Chrome_ChildThread] WARNING: pipe error: 109: file z:/build/build/src/ipc/chromium/src/chrome/common/ipc_channel_win.cc, line 346
[Child 4364, Chrome_ChildThread] WARNING: pipe error: 109: file z:/build/build/src/ipc/chromium/src/chrome/common/ipc_channel_win.cc, line 346
*** UTM:SVC TimerManager:registerTimer called after profile-before-change notification. Ignoring timer registration for id: telemetry_modules_ping

###!!! [Child][MessageChannel::SendAndWait] Error: Channel error: cannot send/recv

1538793270797	mozrunner::runner	INFO	Running command: "C:\\Program Files (x86)\\Mozilla Firefox\\firefox.exe" "-marionette" "-foreground" "-no-remote" "-profile" "C:\\Users\\DELL\\AppData\\Local\\Temp\\rust_mozprofile.xgdCCexsvQ2G"
Unable to read VR Path Registry from C:\Users\DELL\AppData\Local\openvr\openvrpaths.vrpath
Unable to read VR Path Registry from C:\Users\DELL\AppData\Local\openvr\openvrpaths.vrpath
Unable to read VR Path Registry from C:\Users\DELL\AppData\Local\openvr\openvrpaths.vrpath
Unable to read VR Path Registry from C:\Users\DELL\AppData\Local\openvr\openvrpaths.vrpath
1538793275753	Marionette	INFO	Listening on port 60001
Unable to read VR Path Registry from C:\Users\DELL\AppData\Local\openvr\openvrpaths.vrpath
1538793276253	Marionette	WARN	TLS certificate errors will be ignored for this session
[Child 7848, Chrome_ChildThread] WARNING: pipe error: 109: file z:/build/build/src/ipc/chromium/src/chrome/common/ipc_channel_win.cc, line 346
[Child 7848, Chrome_ChildThread] WARNING: pipe error: 109: file z:/build/build/src/ipc/chromium/src/chrome/common/ipc_channel_win.cc, line 346[Parent 508, Gecko_IOThread] WARNING: pipe error: 109: file z:/build/build/src/ipc/chromium/src/chrome/common/ipc_channel_win.cc, line 346
[Child 4688, Chrome_ChildThread] WARNING: pipe error: 109: file z:/build/build/src/ipc/chromium/src/chrome/common/ipc_channel_win.cc, line 346
[Child 46[Parent 508, Gecko_IOThread] WARNING: pipe error: 109: file z:/build/build/src/ipc/chromium/src/chrome/common/ipc_channel_win.cc, line 346
*** UTM:SVC TimerManager:registerTimer called after profile-before-change notification. Ignoring timer registration for id: telemetry_modules_ping
[GPU 5096, C
###!!! [Child][MessageChannel::SendAndWait] Error: Channel error: cannot send/recv

1538793304611	mozrunner::runner	INFO	Running command: "C:\\Program Files (x86)\\Mozilla Firefox\\firefox.exe" "-marionette" "-foreground" "-no-remote" "-profile" "C:\\Users\\DELL\\AppData\\Local\\Temp\\rust_mozprofile.UTi9CS6I0GRR"
Unable to read VR Path Registry from C:\Users\DELL\AppData\Local\openvr\openvrpaths.vrpath
Unable to read VR Path Registry from C:\Users\DELL\AppData\Local\openvr\openvrpaths.vrpath
Unable to read VR Path Registry from C:\Users\DELL\AppData\Local\openvr\openvrpaths.vrpath
Unable to read VR Path Registry from C:\Users\DELL\AppData\Local\openvr\openvrpaths.vrpath
Unable to read VR Path Registry from C:\Users\DELL\AppData\Local\openvr\openvrpaths.vrpath
1538793308227	Marionette	INFO	Listening on port 60086
1538793308540	Marionette	WARN	TLS certificate errors will be ignored for this session
[Child 7540, Chrome_ChildThread] WARNING: pipe error: 109: file z:/build/build/src/ipc/chromium/src/chrome/common/ipc_channel_win.cc, line 346[Child 7100, Chrome_ChildThread] WARNING: pipe error: 109: file z:/build/build/src/ipc/chromium/src/chrome/common/ipc_channel_win.cc, line 346

[Child 7100, Chrome_ChildThread] WARNING: pipe error: 109: file z:/build/build/src/ipc/chromium/src/chrome/c[Parent 13760, Gecko_IOThread] WARNING: pipe error: 109: file z:/build/build/src/ipc/chromium/src/chrome/common/ipc_channel_win.cc, line 346
[Child 12504, Chrome_ChildThread] WARNING: pipe error: 109: file z:/build/build/src/ipc/chromium/src/chrome/common/ipc_channel_win.cc, line 346
[Child 12504, *** UTM:SVC TimerManager:registerTimer called after profile-before-change notification. Ignoring timer registration for id: telemetry_modules_ping
[Parent 13760, Gecko_IOThread] WARNING: pipe error: 232: file z:/build/build/src/ipc/chromium/src/chrome/common/ipc_channel_win.cc, line 513
1538794619668	mozrunner::runner	INFO	Running command: "C:\\Program Files (x86)\\Mozilla Firefox\\firefox.exe" "-marionette" "-foreground" "-no-remote" "-profile" "C:\\Users\\DELL\\AppData\\Local\\Temp\\rust_mozprofile.byQ3zxKPmVq7"
Unable to read VR Path Registry from C:\Users\DELL\AppData\Local\openvr\openvrpaths.vrpath
Unable to read VR Path Registry from C:\Users\DELL\AppData\Local\openvr\openvrpaths.vrpath
Unable to read VR Path Registry from C:\Users\DELL\AppData\Local\openvr\openvrpaths.vrpath
Unable to read VR Path Registry from C:\Users\DELL\AppData\Local\openvr\openvrpaths.vrpath
Unable to read VR Path Registry from C:\Users\DELL\AppData\Local\openvr\openvrpaths.vrpath
1538794623583	Marionette	INFO	Listening on port 62008
1538794624026	Marionette	WARN	TLS certificate errors will be ignored for this session
[Parent 1116, Gecko_IOThread] WARNING: pipe error: 109: file z:/build/build/src/ipc/chromium/src/chrome/common/ipc_channel_win.cc, line 346
[Child 13448, Chrome_ChildThread] WARNING: pipe error: 109: file z:/build/build/src/ipc/chromium/src/chrome/common/ipc_channel_win.cc, line 346
[Parent 1116, Gecko_IOThread] WARNING: pipe error: 109: file z:/build/build/src/ipc/chromium/src/chrome/common/ipc_channel_win.cc, line 346
[Child 5016, Chrome_ChildThread] WARNING: pipe error: 109: file z:/build/build/src/ipc/chromium/src/chrome/common/ipc_channel_win.cc, line 346
[Child 5016, Chrome_ChildThread] WARNING: pipe error: 109: file z:/build/build/src/ipc/chromium/src/chrome/common/ipc*** UTM:SVC TimerManager:registerTimer called after profile-before-change notification. Ignoring timer registration for id: telemetry_modules_ping

###!!! [Child][MessageChannel::SendAndWait] Error: Channel error: cannot send/recv

1538843425935	mozrunner::runner	INFO	Running command: "C:\\Program Files (x86)\\Mozilla Firefox\\firefox.exe" "-marionette" "-foreground" "-no-remote" "-profile" "C:\\Users\\DELL\\AppData\\Local\\Temp\\rust_mozprofile.VKYFThSXgPux"
Unable to read VR Path Registry from C:\Users\DELL\AppData\Local\openvr\openvrpaths.vrpath
Unable to read VR Path Registry from C:\Users\DELL\AppData\Local\openvr\openvrpaths.vrpath
Unable to read VR Path Registry from C:\Users\DELL\AppData\Local\openvr\openvrpaths.vrpath
Unable to read VR Path Registry from C:\Users\DELL\AppData\Local\openvr\openvrpaths.vrpath
1538843430931	Marionette	INFO	Listening on port 63592
Unable to read VR Path Registry from C:\Users\DELL\AppData\Local\openvr\openvrpaths.vrpath
1538843431579	Marionette	WARN	TLS certificate errors will be ignored for this session
1538843508720	mozrunner::runner	INFO	Running command: "C:\\Program Files (x86)\\Mozilla Firefox\\firefox.exe" "-marionette" "-foreground" "-no-remote" "-profile" "C:\\Users\\DELL\\AppData\\Local\\Temp\\rust_mozprofile.3ld3bG5YxITT"
Unable to read VR Path Registry from C:\Users\DELL\AppData\Local\openvr\openvrpaths.vrpath
Unable to read VR Path Registry from C:\Users\DELL\AppData\Local\openvr\openvrpaths.vrpath
Unable to read VR Path Registry from C:\Users\DELL\AppData\Local\openvr\openvrpaths.vrpath
Unable to read VR Path Registry from C:\Users\DELL\AppData\Local\openvr\openvrpaths.vrpath
Unable to read VR Path Registry from C:\Users\DELL\AppData\Local\openvr\openvrpaths.vrpath
1538843512723	Marionette	INFO	Listening on port 63670
1538843513178	Marionette	WARN	TLS certificate errors will be ignored for this session
[Parent 10744, Gecko_IOThread] WARNING: pipe error: 109: file z:/build/build/src/ipc/chromium/src/chrome/common/ipc_channel_win.cc, line 346
[Child 10112, Chrome_ChildThread] WARNING: pipe error: 109: file z:/build/build/src/ipc/chromium/src/chrome/common/ipc_channel_win.cc, line 346
[Child 10112,
###!!! [Child][MessageChannel::SendAndWait] Error: Channel error: cannot send/recv

istry from C:\Users\DELL\AppData\Local\openvr\openvrpaths.vrpath
Unable to read VR Path Registry from C:\Users\DELL\AppData\Local\openvr\openvrpaths.vrpath
Unable to read VR Path Registry from C:\Users\DELL\AppData\Local\openvr\openvrpaths.vrpath
Unable to read VR Path Registry from C:\Users\DELL\AppData\Local\openvr\openvrpaths.vrpath
Unable to read VR Path Registry from C:\Users\DELL\AppData\Local\openvr\openvrpaths.vrpath
1538843631595	Marionette	INFO	Listening on port 63759
1538843631824	Marionette	WARN	TLS certificate errors will be ignored for this session
[Child 8512, Chrome_ChildThread] WARNING: pipe error: 109: file z:/build/build/src/ipc/chromium/src/chrome/common/ipc_channel_win.cc, line 346
[Child 8512, Chrome_ChildThread] WARNING: pipe[Child 12864, Chrome_ChildThread] WARNING: pipe error: 109: file z:/build/build/src/ipc/chromium/src/chrome/common/ipc_channel_win.cc, line 346
[Child 12864, Chrome_ChildThread] WARNING: pipe error: 109: file z:/build/build/src/ipc/c[Parent 13772, Gecko_IOThread] WARNING: pipe error: 109: file z:/build/build/src/ipc/chromium/src/chrome/common/ipc_channel_win.cc, line 346
[Child 7224, Chrome_ChildThread] WARNING: pipe error: 109: file z:/build/build/src/ipc/chromium/src/chrome/common/ipc_channel_win.cc, line 346
[Child 7224, Chrome_ChildThread] WARNI*** UTM:SVC TimerManager:registerTimer called after profile-before-change notification. Ignoring timer registration for id: telemetry_modules_ping

###!!! [Child][MessageChannel::SendAndWait] Error: Channel error: cannot send/recv

1538843787802	mozrunner::runner	INFO	Running command: "C:\\Program Files (x86)\\Mozilla Firefox\\firefox.exe" "-marionette" "-foreground" "-no-remote" "-profile" "C:\\Users\\DELL\\AppData\\Local\\Temp\\rust_mozprofile.5R3jMlt4pHn6"
1538843820114	mozrunner::runner	INFO	Running command: "C:\\Program Files (x86)\\Mozilla Firefox\\firefox.exe" "-marionette" "-foreground" "-no-remote" "-profile" "C:\\Users\\DELL\\AppData\\Local\\Temp\\rust_mozprofile.1vsdemchCzoM"
1538843837513	Marionette	INFO	Listening on port 63911
1538843837904	Marionette	WARN	TLS certificate errors will be ignored for this session
1538843838012	Marionette	DEBUG	[6442450945] Frame script loaded
1538843838064	Marionette	DEBUG	[6442450945] Frame script registered
1538843838261	Marionette	DEBUG	[6442450945] Received DOM event beforeunload for about:blank
1538843838992	Marionette	DEBUG	[6442450945] Received DOM event pagehide for about:blank
1538843843270	Marionette	DEBUG	[6442450945] Received DOM event DOMContentLoaded for https://learn.letskodeit.com/p/practice
1538843848228	Marionette	DEBUG	[6442450945] Received DOM event pageshow for https://learn.letskodeit.com/p/practice
1538843848829	Marionette	DEBUG	[6442450945] Canceled page load listener because no navigation has been detected
[Parent 7204, Gecko_IOThread] WARNING: pipe error: 232: file z:/build/build/src/ipc/chromium/src/chrome/common/ipc_channel_win.cc, line 513
A content process crashed and MOZ_CRASHREPORTER_SHUTDOWN is set, shutting down

###!!! [Child][MessageChannel::SendAndWait] Error: Channel error: cannot send/recv


###!!! [Parent][MessageChannel] Error: (msgtype=0x2E000C,name=PContent::Msg_ReinitRendering) Channel error: cannot send/recv


###!!! [Parent][MessageChannel] Error: (msgtype=0x2E000C,name=PContent::Msg_ReinitRendering) Channel error: cannot send/recv


###!!! [Parent][MessageChannel] Error: (msgtype=0x17008D,name=PBrowser::Msg_UpdateNativeWindowHandle) Channel error: cannot send/recv


###!!! [Parent][MessageChannel] Error: (msgtype=0x170080,name=PBrowser::Msg_Destroy) Channel error: cannot send/recv


###!!! [Parent][MessageChannel] Error: (msgtype=0x17008D,name=PBrowser::Msg_UpdateNativeWindowHandle) Channel error: cannot send/recv


###!!! [Parent][MessageChannel] Error: (msgtype=0x170080,name=PBrowser::Msg_Destroy) Channel error: cannot send/recv


###!!! [Parent][MessageChannel] Error: (msgtype=0x2E0108,name=PContent::Msg_AsyncMessage) Channel error: cannot send/recv


###!!! [Parent][MessageChannel] Error: (msgtype=0x2E0108,name=PContent::Msg_AsyncMessage) Channel error: cannot send/recv

A content process crashed and MOZ_CRASHREPORTER_SHUTDOWN is set, shutting down

###!!! [Parent][MessageChannel] Error: (msgtype=0x170001,name=PBrowser::Msg_AsyncMessage) Channel error: cannot send/recv

JavaScript error: chrome://global/content/bindings/remote-browser.xml, line 355: NS_ERROR_UNEXPECTED: 

###!!! [Parent][MessageChannel] Error: (msgtype=0x170001,name=PBrowser::Msg_AsyncMessage) Channel error: cannot send/recv

WARNING: A blocker encountered an error while we were waiting.
          Blocker:  SessionStore: flushing all windows
          Phase: quit-application-granted
          State: {"total":-1,"current":-1}
WARNING: [Exception... "Unexpected error"  nsresult: "0x8000ffff (NS_ERROR_UNEXPECTED)"  location: "JS frame :: resource:///modules/sessionstore/TabStateFlusher.jsm :: flush :: line 85"  data: no]
WARNING: flush@resource:///modules/sessionstore/TabStateFlusher.jsm:85:5
flushWindow@resource:///modules/sessionstore/TabStateFlusher.jsm:108:23
flushWindow@resource:///modules/sessionstore/TabStateFlusher.jsm:31:12
flushAllWindowsAsync@resource:///modules/sessionstore/SessionStore.jsm:1687:34
ssi_onQuitApplicationGranted/<@resource:///modules/sessionstore/SessionStore.jsm:1624:27
trigger@resource://gre/modules/AsyncShutdown.jsm:710:23
_wait@resource://gre/modules/AsyncShutdown.jsm:857:7
wait@resource://gre/modules/AsyncShutdown.jsm:841:28
observe@resource://gre/modules/AsyncShutdown.jsm:524:17
observe@resource:///modules/ContentCrashHandlers.jsm:152:11
permitUnload@chrome://global/content/bindings/remote-browser.xml:373:13
CanCloseWindow@chrome://browser/content/browser.js:7198:36
canClose@chrome://browser/content/browser.js:5689:12
observe@resource:///modules/ContentCrashHandlers.jsm:152:11
permitUnload@chrome://global/content/bindings/remote-browser.xml:373:13
CanCloseWindow@chrome://browser/content/browser.js:7198:36
WindowIsClosing@chrome://browser/content/browser.js:7220:7
onclose@chrome://browser/content/browser.xul:1:8


###!!! [Parent][MessageChannel] Error: (msgtype=0x2E0108,name=PContent::Msg_AsyncMessage) Channel error: cannot send/recv


###!!! [Parent][MessageChannel] Error: (msgtype=0x2E0108,name=PContent::Msg_AsyncMessage) Channel error: cannot send/recv


###!!! [Parent][MessageChannel] Error: (msgtype=0x2E0108,name=PContent::Msg_AsyncMessage) Channel error: cannot send/recv


###!!! [Parent][MessageChannel] Error: (msgtype=0x2E002D,name=PContent::Msg_AddPermission) Channel error: cannot send/recv


###!!! [Parent][MessageChannel] Error: (msgtype=0x2E002D,name=PContent::Msg_AddPermission) Channel error: cannot send/recv


###!!! [Parent][MessageChannel] Error: (msgtype=0x2E002D,name=PContent::Msg_AddPermission) Channel error: cannot send/recv


###!!! [Parent][MessageChannel] Error: (msgtype=0x2E0108,name=PContent::Msg_AsyncMessage) Channel error: cannot send/recv


###!!! [Parent][MessageChannel] Error: (msgtype=0x2E001A,name=PContent::Msg_RegisterChromeItem) Channel error: cannot send/recv


###!!! [Parent][MessageChannel] Error: (msgtype=0x2E001A,name=PContent::Msg_RegisterChromeItem) Channel error: cannot send/recv


###!!! [Parent][MessageChannel] Error: (msgtype=0x2E001A,name=PContent::Msg_RegisterChromeItem) Channel error: cannot send/recv


###!!! [Parent][MessageChannel] Error: (msgtype=0x2E0108,name=PContent::Msg_AsyncMessage) Channel error: cannot send/recv


###!!! [Parent][MessageChannel] Error: (msgtype=0x2E0108,name=PContent::Msg_AsyncMessage) Channel error: cannot send/recv


###!!! [Parent][MessageChannel] Error: (msgtype=0x170001,name=PBrowser::Msg_AsyncMessage) Channel error: cannot send/recv

[GFX1-]: Receive IPC close with reason=AbnormalShutdown

###!!! [Parent][MessageChannel] Error: (msgtype=0x17008D,name=PBrowser::Msg_UpdateNativeWindowHandle) Channel error: cannot send/recv


###!!! [Parent][MessageChannel] Error: (msgtype=0x170080,name=PBrowser::Msg_Destroy) Channel error: cannot send/recv

JavaScript error: resource:///modules/sessionstore/SessionStore.jsm, line 1631: TypeError: subject.QueryInterface is not a function
1538844021731	mozrunner::runner	INFO	Running command: "C:\\Program Files (x86)\\Mozilla Firefox\\firefox.exe" "-marionette" "-foreground" "-no-remote" "-profile" "C:\\Users\\DELL\\AppData\\Local\\Temp\\rust_mozprofile.AaIaTw8u2ddF"
1538844026237	Marionette	INFO	Listening on port 64083
1538844026327	Marionette	WARN	TLS certificate errors will be ignored for this session
1538844026540	Marionette	DEBUG	[6442450945] Frame script loaded
1538844026558	Marionette	DEBUG	[6442450945] Frame script registered
1538844026598	Marionette	DEBUG	[6442450945] Received DOM event beforeunload for about:blank
1538844026980	Marionette	DEBUG	[6442450945] Received DOM event pagehide for about:blank
1538844028576	Marionette	DEBUG	[6442450945] Received DOM event DOMContentLoaded for https://learn.letskodeit.com/p/practice
1538844030940	Marionette	DEBUG	[6442450945] Received DOM event pageshow for https://learn.letskodeit.com/p/practice
1538844031349	Marionette	DEBUG	[6442450945] Canceled page load listener because no navigation has been detected
JavaScript error: resource://devtools/shared/base-loader.js -> resource://devtools/client/framework/toolbox.js, line 1272: TypeError: currentPanel is undefined
JavaScript warning: https://www.googletagmanager.com/gtag/js?id=UA-36116321-2&l=dataLayer, line 74: unreachable code after return statement
JavaScript warning: https://www.googletagmanager.com/gtag/js?id=UA-36116321-2&l=dataLayer, line 74: unreachable code after return statement
[Parent 12528, Gecko_IOThread] WARNING: pipe error: 109: file z:/build/build/src/ipc/chromium/src/chrome/common/ipc_channel_win.cc, line 346
[Parent 12528, Gecko_IOThread] WARNING: pipe error: 109: file z:/build/build/src/ipc/chromium/src/chrome/common/ipc_channel_win.cc, line 346
[Parent 12528, Gecko_IOThread] WARNING: pipe error: 109: file z:/build/build/src/ipc/chromium/src/chrome/common/ipc_channel_win.cc, line 346
[Parent 12528, Gecko_IOThread] WARNING: pipe error: 109: file z:/build/build/src/ipc/chromium/src/chrome/common/ipc_channel_win.cc, line 346
[Child 10504, Chrome_ChildThread] WARNING: pipe error: 109: file z:/build/build/src/ipc/chromium/src/chrome/common/ipc_channel_win.cc, line 346
[Child 10504, Chrome_ChildThread] WARNING: pipe error: 109: file z:/build/build/src/ipc/chromium/src/chrome/common/ipc_channel_win.cc, line 346
[Child 9108, Chrome_ChildThread] WARNING: pipe error: 109: file z:/build/build/src/ipc/chromium/src/chrome/common/ipc_channel_win.cc, line 346
[Child 9108, [Child 6672, Chrome_ChildThread] WARNING: pipe error: 109: file z:/build/build/src/ipc/chromium/src/chrome/common/ipc_channel_win.cc, line 346
[Child[Child 12428, Chrome_ChildThread] WARNING: pipe error: 109: file z:/build/build/src/ipc/chromium/src/chrome/common/ipc_channel_win.cc, line 346
[Child 12428, Chrome_ChildThread] WARNING:1538845478703	Marionette	INFO	Stopped listening on port 64083
[GPU 9568, Chrome_Child
###!!! [Child][MessageChannel::SendAndWait] Error: Channel error: cannot send/recv

.cc, line 346
[Child 94[Parent 10608, Gecko_IOThread] WARNING: pipe error: 109: file z:/build/build/src/ipc/chromium/src/chrome/common/ipc_channel_win.cc, line 346
[Child 3728, Chrome_ChildThread] WARNING: pipe error: 109: file z:/build/build/src/ipc/chromium/src/chrome/common/ipc_channel_win.cc, line 346
1538845163691	Marionette	INFO	Stopped listening on port 64170

###!!! [Child][MessageChannel::SendAndWait] Error: Channel error: cannot send/recv

nt 3848, Gecko_IOThread] WARNING: pipe error: 109: file z:/build/build/src/ipc/chromium/src/chrome/common/ipc_channel_win.cc, line 346
[Parent 3848, Gecko_IOThread] WARNING: pipe error: 109: file z:/build/build/src/ipc/chromium/src/chrome/common/ipc_channel_win.cc, line 346
[Child 10264, Chrome_ChildThread] WARNING: pipe error: 109: file z:/build/build/src/ipc/chromium/src/chrome/common/ipc_channel_win.cc, line 346
[Child 10888, Chrome_ChildThread] WARNING: pipe error: 109: file z:/build/build/src/ipc/chromium/src/chrome/common/ipc_channel_win.cc, line 346
[Child 1088[Parent 3848, Gecko_IOThread] WARNING: pipe error: 109: file z:/build/build/src/ipc/chromium/src/chrome/common/ipc_channel_win.cc, line 346
1538844277344	Marionette	INFO	Stopped listening on port 64235

###!!! [Child][MessageChannel::SendAndWait] Error: Channel error: cannot send/recv

1538846645476	mozrunner::runner	INFO	Running command: "C:\\Program Files (x86)\\Mozilla Firefox\\firefox.exe" "-marionette" "-foreground" "-no-remote" "-profile" "C:\\Users\\DELL\\AppData\\Local\\Temp\\rust_mozprofile.Gmb7ZepPH9GW"
1538846649904	Marionette	INFO	Listening on port 49453
1538846649933	Marionette	WARN	TLS certificate errors will be ignored for this session
1538846650562	Marionette	DEBUG	[6442450945] Frame script loaded
1538846650572	Marionette	DEBUG	[6442450945] Frame script registered
1538846650673	Marionette	DEBUG	[6442450945] Received DOM event beforeunload for about:blank
1538846651175	Marionette	DEBUG	[6442450945] Received DOM event pagehide for about:blank
1538846653485	Marionette	DEBUG	[6442450945] Received DOM event DOMContentLoaded for https://learn.letskodeit.com/p/practice
1538846655788	Marionette	DEBUG	[6442450945] Received DOM event pageshow for https://learn.letskodeit.com/p/practice
1538846656170	Marionette	DEBUG	[6442450945] Canceled page load listener because no navigation has been detected
[Child 6428, Chrome_ChildThread] WARNING: pipe error: 109: file z:/build/build/src/ipc/chromium/src/chrome/common/ipc_channel_win.cc, line 346
[Child 6428, Chrome_ChildThread] WA[Child 2976, Chrome_ChildThread] WARNING: pipe error: 109: file z:/build/build/src/ipc/chromium/src/chrome/common/ipc_channel_win.cc, line 346
[Parent 1404, Gecko_IOThread] WARNING: pipe error: 109: file z:/build/build/src/ipc/chromium/src/chrome/common/ipc_channel_win.cc, line 346
[Child 13440, Chrome_ChildThread] WARNING: pipe error: 109: file z:/build/build/src/ipc/chromium/src/chrome/common/ipc_channel_win.cc, line 346
[Child 134401538846662436	Marionette	INFO	Stopped listening on port 49453

###!!! [Child][MessageChannel::SendAndWait] Error: Channel error: cannot send/recv

1538847275797	mozrunner::runner	INFO	Running command: "C:\\Program Files (x86)\\Mozilla Firefox\\firefox.exe" "-marionette" "-foreground" "-no-remote" "-profile" "C:\\Users\\DELL\\AppData\\Local\\Temp\\rust_mozprofile.8x761A9XEb4Z"
1538847280158	Marionette	INFO	Listening on port 50439
1538847280245	Marionette	WARN	TLS certificate errors will be ignored for this session
1538847280523	Marionette	DEBUG	[6442450945] Frame script loaded
1538847280528	Marionette	DEBUG	[6442450945] Frame script registered
1538847280598	Marionette	DEBUG	[6442450945] Received DOM event beforeunload for about:blank
1538847281908	Marionette	DEBUG	[6442450945] Received DOM event pagehide for about:blank
1538847283225	Marionette	DEBUG	[6442450945] Received DOM event DOMContentLoaded for https://learn.letskodeit.com/p/practice
1538847285719	Marionette	DEBUG	[6442450945] Received DOM event pageshow for https://learn.letskodeit.com/p/practice
[Child 3956, Chrome_ChildThread] WARNING: pipe error: 109: file z:/build/build/src/ipc/chromium/src/chrome/common/ipc_channel_win.cc, line 346
[Parent 9964, Gecko_IOThread] WARNING: pipe error: 109: file z:/build/build/src/ipc/chromium/src/chrome/common/ipc_channel_win.cc, line 346
[Child 7336, Chrome_ChildThread] WARNING: pipe error: 109: file z:/build/build/src/ipc/chromium/src/chrome/common/ipc_channel_win.cc, line 346
[Child 7336, Chrome_ChildThread] WARNIN1538847293608	Marionette	INFO	Stopped listening on port 50439
[GPU 14104, 
###!!! [Child][MessageChannel::SendAndWait] Error: Channel error: cannot send/recv

1538847338900	mozrunner::runner	INFO	Running command: "C:\\Program Files (x86)\\Mozilla Firefox\\firefox.exe" "-marionette" "-foreground" "-no-remote" "-profile" "C:\\Users\\DELL\\AppData\\Local\\Temp\\rust_mozprofile.MPyhXoqZt7IH"
1538847343707	Marionette	INFO	Listening on port 50583
1538847343950	Marionette	WARN	TLS certificate errors will be ignored for this session
1538847344125	Marionette	DEBUG	[6442450945] Frame script loaded
1538847344155	Marionette	DEBUG	[6442450945] Frame script registered
1538847344192	Marionette	DEBUG	[6442450945] Received DOM event beforeunload for about:blank
1538847344725	Marionette	DEBUG	[6442450945] Received DOM event pagehide for about:blank
1538847347009	Marionette	DEBUG	[6442450945] Received DOM event DOMContentLoaded for https://learn.letskodeit.com/p/practice
1538847349334	Marionette	DEBUG	[6442450945] Received DOM event pageshow for https://learn.letskodeit.com/p/practice
1538847403543	mozrunner::runner	INFO	Running command: "C:\\Program Files (x86)\\Mozilla Firefox\\firefox.exe" "-marionette" "-foreground" "-no-remote" "-profile" "C:\\Users\\DELL\\AppData\\Local\\Temp\\rust_mozprofile.AeWyBwJjFeiK"
1538847407467	Marionette	INFO	Listening on port 50727
1538847407886	Marionette	WARN	TLS certificate errors will be ignored for this session
1538847407955	Marionette	DEBUG	[6442450945] Frame script loaded
1538847407960	Marionette	DEBUG	[6442450945] Frame script registered
1538847408016	Marionette	DEBUG	[6442450945] Received DOM event beforeunload for about:blank
1538847408551	Marionette	DEBUG	[6442450945] Received DOM event pagehide for about:blank
1538847410613	Marionette	DEBUG	[6442450945] Received DOM event DOMContentLoaded for https://learn.letskodeit.com/p/practice
1538847413288	Marionette	DEBUG	[6442450945] Received DOM event pageshow for https://learn.letskodeit.com/p/practice
console.warn: LoginRecipes: getRecipes: falling back to a synchronous message for: https://learn.letskodeit.com
IPDL protocol error: Handler returned error code!

###!!! [Parent][DispatchAsyncMessage] Error: PAPZCTreeManager::Msg_SetTargetAPZC Processing error: message was deserialized, but the handler returned false (indicating failure)

IPDL protocol error: Handler returned error code!

###!!! [Parent][DispatchAsyncMessage] Error: PAPZCTreeManager::Msg_SetTargetAPZC Processing error: message was deserialized, but the handler returned false (indicating failure)

[Child 3216, Chrome_ChildThread] WARNING: pipe error: 109: file z:/build/build/src/ipc/chromium/src/chrome/common/ipc_channel_win.cc, line 346
[Child 8528, Chrome_ChildThread] WARNING: pipe error: 109: file z:/build/build/src/ipc/chromium/src/chrome/common/ipc_channel_win.cc, line 346
[Parent 5660, Gecko_IOThread] WARNING: pipe error: 109: file z:/build/build/src/ipc/chromium/src/chrome/common/ipc_channel_win.cc, line 346
1538847431050	Marionette	INFO	Stopped listening on port 50727

###!!! [Child][MessageChannel::SendAndWait] Error: Channel error: cannot send/recv

1538853377773	mozrunner::runner	INFO	Running command: "C:\\Program Files (x86)\\Mozilla Firefox\\firefox.exe" "-marionette" "-foreground" "-no-remote" "-profile" "C:\\Users\\DELL\\AppData\\Local\\Temp\\rust_mozprofile.QNUcY55jAWPg"
1538853382872	Marionette	INFO	Listening on port 61298
1538853383241	Marionette	WARN	TLS certificate errors will be ignored for this session
1538853383848	Marionette	DEBUG	[6442450945] Frame script loaded
1538853383871	Marionette	DEBUG	[6442450945] Frame script registered
1538853383957	Marionette	DEBUG	[6442450945] Received DOM event beforeunload for about:blank
1538853384789	Marionette	DEBUG	[6442450945] Received DOM event pagehide for about:blank
1538853384790	Marionette	DEBUG	[6442450945] Received DOM event unload for about:blank
1538853386439	Marionette	DEBUG	[6442450945] Received DOM event DOMContentLoaded for https://learn.letskodeit.com/p/practice
1538853389255	Marionette	DEBUG	[6442450945] Received DOM event pageshow for https://learn.letskodeit.com/p/practice
[Parent 7264, Gecko_IOThread] WARNING: pipe error: 109: file z:/build/build/src/ipc/chromium/src/chrome/common/ipc_channel_win.cc, line 346
[Parent 7264, Gecko_IOThread] WARNING: pipe error: 109: file z:/build/build/src/ipc/chromium/src/chrome/common/ipc_channel_win.cc, line 346
[Child 4432, Chrome_ChildThread] WARNING: pipe error: 109: file z:/build/build/src/ipc/chromium/src/chrome/common/ipc_channel_win.cc, line 346
[Parent 7264, Gecko_IOThread] WARNING: pipe error: 109: file z:/build/build/src/ipc/chromium/src/chrome/common/ipc_channel_win.cc, line 346
[Child 11636, Chrome_ChildThread] WARNING: pipe error: 109: file z:/build/build/src/ipc/chromium/src/chrome/common/ipc_channel_win.cc, line 346
[Child 11636, 1538853559121	Marionette	INFO	Stopped listening on port 61298
etskodeit.com/p/practice
1538853529490	Marionette	DEBUG	[6442450945] Received DOM event pageshow for https://learn.letskodeit.com/p/practice
[Child 8980, Chrome_ChildThread] WARNING: pipe error: 109: file z:/build/build/src/ipc/chromium/src/chrome/common/ipc_channel_win.cc, line 346
[Child 8980, Chrome_Ch[Parent 3516, Gecko_IOThread] WARNING: file z:/build/build/src/ipc/chromium/src/base/process_util_win.cc, line 188
[Child 5692, Chrome_ChildThread] WARNING: pipe error: 109: file z:/build/build/src/ipc/chromium/src/chrome/common/ipc_channel_win.cc, line 346
[Child 5692, C[Parent 3516, Gecko_IOThread] WARNING: pipe error: 109: file z:/build/build/src/ipc/chromium/src/chrome/common/ipc_channel_win.cc, line 346
[Child 3120, Chrome_ChildThread] WARNING: pipe error: 109: file z:/build/build/src/ipc/chromium/src/chrome/common/ipc_channel_win.cc, line 346
[Child 3121538853561034	Marionette	INFO	Stopped listening on port 61548
[GPU 9044
###!!! [Child][MessageChannel::SendAndWait] Error: Channel error: cannot send/recv

1538853752964	mozrunner::runner	INFO	Running command: "C:\\Program Files (x86)\\Mozilla Firefox\\firefox.exe" "-marionette" "-foreground" "-no-remote" "-profile" "C:\\Users\\DELL\\AppData\\Local\\Temp\\rust_mozprofile.pGk09dHSFxLv"
1538853757724	Marionette	INFO	Listening on port 61992
1538853757919	Marionette	WARN	TLS certificate errors will be ignored for this session
1538853758118	Marionette	DEBUG	[6442450945] Frame script loaded
1538853758157	Marionette	DEBUG	[6442450945] Frame script registered
1538853758260	Marionette	DEBUG	[6442450945] Received DOM event beforeunload for about:blank
1538853758763	Marionette	DEBUG	[6442450945] Received DOM event pagehide for about:blank
1538853760533	Marionette	DEBUG	[6442450945] Received DOM event DOMContentLoaded for https://learn.letskodeit.com/p/practice
1538853763148	Marionette	DEBUG	[6442450945] Received DOM event pageshow for https://learn.letskodeit.com/p/practice
[Parent 6048, Gecko_IOThread] WARNING: pipe error: 109: file z:/build/build/src/ipc/chromium/src/chrome/common/ipc_channel_win.cc, line 346
[Parent 6048, Gecko_IOThread] WARNING: pipe error: 109: file z:/build/build/src/ipc/chromium/src/chrome/common/ipc_channel_win.cc, line 346
[Child 13548, Chrome_ChildThread] WARNING: pipe error: 109: file z:/build/build/src/ipc/chromium/src/chrome/common/ipc_channel_win.cc, line 346
[Child 7840, Chrome_ChildThread] WARNING: pipe error: 109: file z:/build/build/src/ipc/chromium/src/chrome/common/ipc_channel_win.cc, line 346
[Child 7840, Chrome_ChildThread] WARNING: pipe error: 109: file z:/build/build/src/ipc/chromium/src/chrome/common/ipc_channel_win.cc, line 346
[Parent 6048, Gecko_IOThread] WARNING: pipe error: 109: file z:/build/build/src/ipc/chromium/src/chrome/common/ipc_channel_win.cc, line 346
[Child 11160, Chrome_ChildThread] WARNING: pipe error: 109: file z:/build/build/src/ipc/chromium/src/chrome/common/ipc_channel_win.cc, line 346
[Child 11160, Chrome_ChildThread] WARNING: pipe error: 109: file z:/build/build/src/ipc/chromium/src/chrome/common/ipc_channel_win.cc, line 346
1538853805285	Marionette	INFO	Stopped listening on port 61992

###!!! [Child][MessageChannel::SendAndWait] Error: Channel error: cannot send/recv

1538853831238	mozrunner::runner	INFO	Running command: "C:\\Program Files (x86)\\Mozilla Firefox\\firefox.exe" "-marionette" "-foreground" "-no-remote" "-profile" "C:\\Users\\DELL\\AppData\\Local\\Temp\\rust_mozprofile.f0hrgkfwaBMm"
1538853835334	Marionette	INFO	Listening on port 62162
1538853835592	Marionette	WARN	TLS certificate errors will be ignored for this session
1538853835783	Marionette	DEBUG	[6442450945] Frame script loaded
1538853835795	Marionette	DEBUG	[6442450945] Frame script registered
1538853835868	Marionette	DEBUG	[6442450945] Received DOM event beforeunload for about:blank
1538853836272	Marionette	DEBUG	[6442450945] Received DOM event pagehide for about:blank
1538853837679	Marionette	DEBUG	[6442450945] Received DOM event DOMContentLoaded for https://learn.letskodeit.com/p/practice
1538853840239	Marionette	DEBUG	[6442450945] Received DOM event pageshow for https://learn.letskodeit.com/p/practice
[Parent 14164, Gecko_IOThread] WARNING: pipe error: 109: file z:/build/build/src/ipc/chromium/src/chrome/common/ipc_channel_win.cc, line 346
[Child 13920, Chrome_ChildThread] WARNING: pipe error: 109: file z:/build/build/src/ipc/chromium/src/chrome/common/ipc_channel_win.cc, line 346
[Child 1392[Parent 14164, Gecko_IOThread] WARNING: pipe error: 109: file z:/build/build/src/ipc/chromium/src/chrome/common/ipc_channel_win.cc, line 346
[Child 7776, Chrome_ChildThread] WARNING: pipe error: 109: file z:/build/build/src/ipc/chromium/src/chrome/common/ipc_channel_win.cc, line 346
[Child 7776, Chrome_ChildThread] WA1538853916549	Marionette	INFO	Stopped listening on port 62162
[GPU 10112,
###!!! [Child][MessageChannel::SendAndWait] Error: Channel error: cannot send/recv

1538854277663	mozrunner::runner	INFO	Running command: "C:\\Program Files (x86)\\Mozilla Firefox\\firefox.exe" "-marionette" "-foreground" "-no-remote" "-profile" "C:\\Users\\DELL\\AppData\\Local\\Temp\\rust_mozprofile.47WK6O363nvY"
1538854282252	Marionette	INFO	Listening on port 62876
1538854282728	Marionette	WARN	TLS certificate errors will be ignored for this session
1538854282815	Marionette	DEBUG	[6442450945] Frame script loaded
1538854282852	Marionette	DEBUG	[6442450945] Frame script registered
1538854282915	Marionette	DEBUG	[6442450945] Received DOM event beforeunload for about:blank
1538854283334	Marionette	DEBUG	[6442450945] Received DOM event pagehide for about:blank
1538854285300	Marionette	DEBUG	[6442450945] Received DOM event DOMContentLoaded for https://learn.letskodeit.com/p/practice
1538854287585	Marionette	DEBUG	[6442450945] Received DOM event pageshow for https://learn.letskodeit.com/p/practice
[Parent 10804, Gecko_IOThread] WARNING: pipe error: 109: file z:/build/build/src/ipc/chromium/src/chrome/common/ipc_channel_win.cc, line 346
[Parent 10804, Gecko_IOThread] WARNING: pipe error: 109: file z:/build/build/src/ipc/chromium/src/chrome/common/ipc_channel_win.cc, line 346
[Child 14012, Chrome_ChildThread] WARNING: pipe error: 109: file z:/build/build/src/ipc/chromium/src/chrome/common/ipc_channel_win.cc, line 346
[Parent 10804, Gecko_IOThread] WARNING: pipe error: 109: file z:/build/build/src/ipc/chromium/src/chrome/common/ipc_channel_win.cc, line 346
1538854547349	Marionette	INFO	Stopped listening on port 62876
[GPU 12912, Ch
###!!! [Child][MessageChannel::SendAndWait] Error: Channel error: cannot send/recv

1538854969015	mozrunner::runner	INFO	Running command: "C:\\Program Files (x86)\\Mozilla Firefox\\firefox.exe" "-marionette" "-foreground" "-no-remote" "-profile" "C:\\Users\\DELL\\AppData\\Local\\Temp\\rust_mozprofile.TEWCUe6HVcfd"
1538854975525	Marionette	INFO	Listening on port 64067
1538854975604	Marionette	WARN	TLS certificate errors will be ignored for this session
1538854976082	Marionette	DEBUG	[6442450945] Frame script loaded
1538854976086	Marionette	DEBUG	[6442450945] Frame script registered
1538854976300	Marionette	DEBUG	[6442450945] Received DOM event beforeunload for about:blank
1538854976670	Marionette	DEBUG	[6442450945] Received DOM event pagehide for about:blank
1538854978244	Marionette	DEBUG	[6442450945] Received DOM event DOMContentLoaded for https://learn.letskodeit.com/p/practice
1538854981778	Marionette	DEBUG	[6442450945] Received DOM event pageshow for https://learn.letskodeit.com/p/practice
[Child 8288, Chrome_ChildThread] WARNING: pipe error: 109: file z:/build/build/src/ipc/chromium/src/chrome/common/ipc_channel_win.cc, line 346
1538854984998	Marionette	INFO	Stopped listening on port 64067
[GPU 1636, Chr
###!!! [Child][MessageChannel::SendAndWait] Error: Channel error: cannot send/recv

1538855216845	mozrunner::runner	INFO	Running command: "C:\\Program Files (x86)\\Mozilla Firefox\\firefox.exe" "-marionette" "-foreground" "-no-remote" "-profile" "C:\\Users\\DELL\\AppData\\Local\\Temp\\rust_mozprofile.ccnOTDOH1B77"
1538855221518	Marionette	INFO	Listening on port 64497
1538855221816	Marionette	WARN	TLS certificate errors will be ignored for this session
1538855221973	Marionette	DEBUG	[6442450945] Frame script loaded
1538855221977	Marionette	DEBUG	[6442450945] Frame script registered
1538855222021	Marionette	DEBUG	[6442450945] Received DOM event beforeunload for about:blank
1538855222566	Marionette	DEBUG	[6442450945] Received DOM event pagehide for about:blank
1538855224285	Marionette	DEBUG	[6442450945] Received DOM event DOMContentLoaded for https://learn.letskodeit.com/p/practice
1538855226565	Marionette	DEBUG	[6442450945] Received DOM event pageshow for https://learn.letskodeit.com/p/practice
[Child 4488, Chrome_ChildThread] WARNING: pipe error: 109: file z:/build/build/src/ipc/chromium/src/chrome/common/ipc_channel_win.cc, line 346
[Child 4488, Chrome_ChildThread] WARNING: pipe error: 109: file z:/build/build/src/ipc/chromium/src/chrome/common/ipc_channel_win.cc, line 346
[Child 3132, Chrome_ChildThread] WARNING: pipe error: 109: file z:/build/build/src/ipc/chromium/src/chrome/common/ipc_channel_win.cc, line 346
[Child 3132, Chrome_ChildThread] WARNING: pipe error: 109:[Parent 12828, Gecko_IOThread] WARNING: pipe error: 109: file z:/build/build/src/ipc/chromium/src/chrome/common/ipc_channel_win.cc, line 346
[Child 2584, Chrome_ChildThread] WARNING: pipe error: 109: file z:/build/build/src/ipc/chromium/src/chrome/common/ipc_channel_win.cc, line 346
[Child 2584, Chrome_ChildThread] WARNING: pipe error:1538855337500	Marionette	INFO	Stopped listening on port 64497

###!!! [Child][MessageChannel::SendAndWait] Error: Channel error: cannot send/recv

r: 109: file z:/build/build/src/ipc/chromium/src/chrome/common/ipc_channel_win.cc, line 346
[Parent 8428, Gecko_IOThread] WARNING: pipe error: 109: file z:/build/build/src/ipc/chromium/src/chrome/common/ipc_channel_win.cc, line 346
[Child 8180, Chrome_ChildThread] WARNING: pipe error: 109: file z:/build/build/src/ipc/chromium/src/chrome/common/ipc_channel_win.cc, line 346
[Child 8180, Chrome_Chi[Parent 8428, Gecko_IOThread] WARNING: pipe error: 109: file z:/build/build/src/ipc/chromium/src/chrome/common/ipc_channel_win.cc, line 346
[Child 13920, Chrome_ChildThread] WARNING: pipe error: 109: file z:/build/build/src/ipc/chromium/src/chrome/common/ipc_channel_win.cc, line 346
[Child 13920, Chrome_ChildThread] WARNING: pipe error: 109: file z:/build/build/src/ipc/chromium/src/chrome/common/ipc_channel_win.cc, line 346
1538855299414	Marionette	INFO	Stopped listening on port 64660
[GPU 6748, Chrom
###!!! [Child][MessageChannel::SendAndWait] Error: Channel error: cannot send/recv

1538855336566	mozrunner::runner	INFO	Running command: "C:\\Program Files (x86)\\Mozilla Firefox\\firefox.exe" "-marionette" "-foreground" "-no-remote" "-profile" "C:\\Users\\DELL\\AppData\\Local\\Temp\\rust_mozprofile.OrlTtH0HK29s"
1538855340869	Marionette	INFO	Listening on port 64789
1538855340932	Marionette	WARN	TLS certificate errors will be ignored for this session
1538855340988	Marionette	DEBUG	[6442450945] Frame script loaded
1538855340992	Marionette	DEBUG	[6442450945] Frame script registered
1538855341039	Marionette	DEBUG	[6442450945] Received DOM event beforeunload for about:blank
1538855341353	Marionette	DEBUG	[6442450945] Received DOM event pagehide for about:blank
1538855342367	Marionette	DEBUG	[6442450945] Received DOM event DOMContentLoaded for https://learn.letskodeit.com/p/practice
1538855344037	Marionette	DEBUG	[6442450945] Received DOM event pageshow for https://learn.letskodeit.com/p/practice
1538855344138	Marionette	INFO	Stopped listening on port 64789
[Parent 10848, Gecko_IOThread] WARNING: pipe error: 109: file z:/build/build/src/ipc/chromium/src/chrome/common/ipc_channel_win.cc, line 346
[Child 13568, Chrome_ChildThread] WARNING: pipe error: 109: file z:/build/build/src/ipc/chromium/src/chrome/common/ipc_channel_win.cc, line 346
[Child 13568, Ch[Parent 10848, Gecko_IOThread] WARNING: pipe error: 109: file z:/build/build/src/ipc/chromium/src/chrome/common/ipc_channel_win.cc, line 346
[Child 4612, Chrome_ChildThread] WARNING: pipe error: 109: file z:/build/build/src/ipc/chromium/src/chrome/common/ipc_channel_win.cc, line 346
[Child 46[GPU 12588,
###!!! [Child][MessageChannel::SendAndWait] Error: Channel error: cannot send/recv

1538855353275	mozrunner::runner	INFO	Running command: "C:\\Program Files (x86)\\Mozilla Firefox\\firefox.exe" "-marionette" "-foreground" "-no-remote" "-profile" "C:\\Users\\DELL\\AppData\\Local\\Temp\\rust_mozprofile.XWdagsvguWZ1"
1538855356164	Marionette	INFO	Listening on port 64866
1538855356507	Marionette	WARN	TLS certificate errors will be ignored for this session
1538855356607	Marionette	DEBUG	[6442450945] Frame script loaded
1538855356611	Marionette	DEBUG	[6442450945] Frame script registered
1538855356642	Marionette	DEBUG	[6442450945] Received DOM event beforeunload for about:blank
1538855357104	Marionette	DEBUG	[6442450945] Received DOM event pagehide for about:blank
1538855358192	Marionette	DEBUG	[6442450945] Received DOM event DOMContentLoaded for https://learn.letskodeit.com/p/practice
1538855360236	Marionette	DEBUG	[6442450945] Received DOM event pageshow for https://learn.letskodeit.com/p/practice
1538855360334	Marionette	INFO	Stopped listening on port 64866
[Child 6292, Chrome_ChildThread] WARNING: pipe error: 109: file z:/build/build/src/ipc/chromium/src/chrome/common/ipc_channel_win.cc, line 346
[Child 62[Parent 4216, Gecko_IOThread] WARNING: pipe error: 109: file z:/build/build/src/ipc/chromium/src/chrome/common/ipc_channel_win.cc, line 346
[Child 2800, Chrome_ChildThread] WARNING: pipe error: 109: file z:/build/build/src/ipc/chromium/src/chrome/common/ipc_channel_win.cc, line 346
[Child 2800, Chrome_ChildThread] WARNING: pipe error: 109: file z:/build/build/src/ipc/chromium/src/chrome/common/ipc_channel[Parent 4216, Gecko_IOThread] WARNING: pipe error: 109: file z:/build/build/src/ipc/chromium/src/chrome/common/ipc_channel_win.cc, line 346
[GPU 420, Chro
###!!! [Child][MessageChannel::SendAndWait] Error: Channel error: cannot send/recv

